2018-08-10 23:38:05,030 - root - DEBUG - not supported part of speech 
  

========================================================================
    To run the program use the following format, please:
    
    >>> python3 get_words.py <source_type> <POS> <words_count>
        

        :source_type      str: source type. Available: [web, folder]
        :POS         str: (part of speech). Available: [verb, noun]
        :words_count  int: number of words
        

    For example:

    >>> python3 get_words.py folder verb 105

    OR

    >>> python3 get_words.py web noun 77
        
========================================================================

    
2018-08-10 23:38:29,651 - root - DEBUG - not supported part of speech 
  

========================================================================
    To run the program use the following format, please:
    
    >>> python3 get_words.py <source_type> <POS> <words_count>
        

        :source_type      str: source type. Available: [web, folder]
        :POS         str: (part of speech). Available: [verb, noun]
        :words_count  int: number of words
        

    For example:

    >>> python3 get_words.py folder verb 105

    OR

    >>> python3 get_words.py web noun 77
        
========================================================================

    
2018-08-10 23:38:29,651 - root - DEBUG - not supported part of speech 
  

========================================================================
    To run the program use the following format, please:
    
    >>> python3 get_words.py <source_type> <POS> <words_count>
        

        :source_type      str: source type. Available: [web, folder]
        :POS         str: (part of speech). Available: [verb, noun]
        :words_count  int: number of words
        

    For example:

    >>> python3 get_words.py folder verb 105

    OR

    >>> python3 get_words.py web noun 77
        
========================================================================

    
2018-08-10 23:38:29,651 - root - DEBUG - not supported part of speech 
  

========================================================================
    To run the program use the following format, please:
    
    >>> python3 get_words.py <source_type> <POS> <words_count>
        

        :source_type      str: source type. Available: [web, folder]
        :POS         str: (part of speech). Available: [verb, noun]
        :words_count  int: number of words
        

    For example:

    >>> python3 get_words.py folder verb 105

    OR

    >>> python3 get_words.py web noun 77
        
========================================================================

    
2018-08-10 23:39:36,466 - root - DEBUG - not supported part of speech 
  

========================================================================
    To run the program use the following format, please:
    
    >>> python3 get_words.py <source_type> <POS> <words_count>
        

        :source_type      str: source type. Available: [web, folder]
        :POS         str: (part of speech). Available: [verb, noun]
        :words_count  int: number of words
        

    For example:

    >>> python3 get_words.py folder verb 105

    OR

    >>> python3 get_words.py web noun 77
        
========================================================================

    
2018-08-10 23:39:44,469 - root - DEBUG - Wrong word count.

